<?xml version="1.0" encoding="UTF-8"?>
<!-- Generated by org.testng.reporters.JUnitXMLReporter -->
<testsuite ignored="0" hostname="PN-C-0010" failures="0" tests="4" name="Default test" time="12.099" errors="0" timestamp="2024-04-02T12:06:19 IST">
  <testcase classname="testNG.dataProvideExcel" name="loginfunction" time="0.438"/>
  <testcase classname="testNG.dataProvideExcel" name="loginfunction" time="0.877"/>
  <testcase classname="testNG.dataProvideExcel" name="loginfunction" time="0.554"/>
  <testcase classname="testNG.dataProvideExcel" name="loginfunction" time="0.539"/>
</testsuite> <!-- Default test -->
