<?xml version="1.0" encoding="UTF-8"?>
<testng-results ignored="0" total="4" passed="4" failed="0" skipped="0">
  <reporter-output>
  </reporter-output>
  <suite started-at="2024-04-02T12:06:07 IST" name="Default suite" finished-at="2024-04-02T12:06:19 IST" duration-ms="12099">
    <groups>
    </groups>
    <test started-at="2024-04-02T12:06:07 IST" name="Default test" finished-at="2024-04-02T12:06:19 IST" duration-ms="12099">
      <class name="testNG.dataProvideExcel">
        <test-method is-config="true" signature="beforetest()[pri:0, instance:testNG.dataProvideExcel@4c1909a3]" started-at="2024-04-02T12:06:07 IST" name="beforetest" finished-at="2024-04-02T12:06:16 IST" duration-ms="9182" status="PASS">
          <reporter-output>
          </reporter-output>
        </test-method> <!-- beforetest -->
        <test-method signature="loginfunction(java.lang.String,java.lang.String)[pri:0, instance:testNG.dataProvideExcel@4c1909a3]" started-at="2024-04-02T12:06:16 IST" name="loginfunction" data-provider="logindata" finished-at="2024-04-02T12:06:17 IST" duration-ms="438" status="PASS">
          <params>
            <param index="0">
              <value>
                <![CDATA[demoSalesManager]]>
              </value>
            </param>
            <param index="1">
              <value>
                <![CDATA[crmsfa]]>
              </value>
            </param>
          </params>
          <reporter-output>
          </reporter-output>
        </test-method> <!-- loginfunction -->
        <test-method signature="loginfunction(java.lang.String,java.lang.String)[pri:0, instance:testNG.dataProvideExcel@4c1909a3]" started-at="2024-04-02T12:06:17 IST" name="loginfunction" data-provider="logindata" finished-at="2024-04-02T12:06:18 IST" duration-ms="877" status="PASS">
          <params>
            <param index="0">
              <value>
                <![CDATA[demoSalesManager]]>
              </value>
            </param>
            <param index="1">
              <value>
                <![CDATA[cead]]>
              </value>
            </param>
          </params>
          <reporter-output>
          </reporter-output>
        </test-method> <!-- loginfunction -->
        <test-method signature="loginfunction(java.lang.String,java.lang.String)[pri:0, instance:testNG.dataProvideExcel@4c1909a3]" started-at="2024-04-02T12:06:18 IST" name="loginfunction" data-provider="logindata" finished-at="2024-04-02T12:06:18 IST" duration-ms="554" status="PASS">
          <params>
            <param index="0">
              <value>
                <![CDATA[232da]]>
              </value>
            </param>
            <param index="1">
              <value>
                <![CDATA[crmsfa]]>
              </value>
            </param>
          </params>
          <reporter-output>
          </reporter-output>
        </test-method> <!-- loginfunction -->
        <test-method signature="loginfunction(java.lang.String,java.lang.String)[pri:0, instance:testNG.dataProvideExcel@4c1909a3]" started-at="2024-04-02T12:06:18 IST" name="loginfunction" data-provider="logindata" finished-at="2024-04-02T12:06:19 IST" duration-ms="539" status="PASS">
          <params>
            <param index="0">
              <value>
                <![CDATA[fafag]]>
              </value>
            </param>
            <param index="1">
              <value>
                <![CDATA[geye]]>
              </value>
            </param>
          </params>
          <reporter-output>
          </reporter-output>
        </test-method> <!-- loginfunction -->
        <test-method is-config="true" signature="aftertest()[pri:0, instance:testNG.dataProvideExcel@4c1909a3]" started-at="2024-04-02T12:06:19 IST" name="aftertest" finished-at="2024-04-02T12:06:19 IST" duration-ms="272" status="PASS">
          <reporter-output>
          </reporter-output>
        </test-method> <!-- aftertest -->
      </class> <!-- testNG.dataProvideExcel -->
    </test> <!-- Default test -->
  </suite> <!-- Default suite -->
</testng-results>
